<?xml version="1.0" encoding="UTF-8"?>
<testsuite name="com.ceiba.usuario.controlador.ComandoControladorClienteTest" tests="4" skipped="0" failures="0" errors="0" timestamp="2022-05-11T14:45:25" hostname="CAMILA-GUTIERRE" time="6.172">
  <properties/>
  <testcase name="Deberia obtener cliente" classname="com.ceiba.usuario.controlador.ComandoControladorClienteTest" time="1.56"/>
  <testcase name="Deberia actualizar un cliente" classname="com.ceiba.usuario.controlador.ComandoControladorClienteTest" time="0.324"/>
  <testcase name="Deberia eliminar un cliente" classname="com.ceiba.usuario.controlador.ComandoControladorClienteTest" time="0.23"/>
  <testcase name="Deberia crear un cliente" classname="com.ceiba.usuario.controlador.ComandoControladorClienteTest" time="0.263"/>
  <system-out><![CDATA[09:45:19.170 [Test worker] DEBUG org.springframework.test.context.BootstrapUtils - Instantiating CacheAwareContextLoaderDelegate from class [org.springframework.test.context.cache.DefaultCacheAwareContextLoaderDelegate]
09:45:19.215 [Test worker] DEBUG org.springframework.test.context.BootstrapUtils - Instantiating BootstrapContext using constructor [public org.springframework.test.context.support.DefaultBootstrapContext(java.lang.Class,org.springframework.test.context.CacheAwareContextLoaderDelegate)]
09:45:19.309 [Test worker] DEBUG org.springframework.test.context.BootstrapUtils - Instantiating TestContextBootstrapper for test class [com.ceiba.usuario.controlador.ComandoControladorClienteTest] from class [org.springframework.boot.test.autoconfigure.web.servlet.WebMvcTestContextBootstrapper]
09:45:19.347 [Test worker] DEBUG org.springframework.test.context.support.AbstractContextLoader - Did not detect default resource location for test class [com.ceiba.usuario.controlador.ComandoControladorClienteTest]: class path resource [com/ceiba/usuario/controlador/ComandoControladorClienteTest-context.xml] does not exist
09:45:19.349 [Test worker] DEBUG org.springframework.test.context.support.AbstractContextLoader - Did not detect default resource location for test class [com.ceiba.usuario.controlador.ComandoControladorClienteTest]: class path resource [com/ceiba/usuario/controlador/ComandoControladorClienteTestContext.groovy] does not exist
09:45:19.349 [Test worker] INFO org.springframework.test.context.support.AbstractContextLoader - Could not detect default resource locations for test class [com.ceiba.usuario.controlador.ComandoControladorClienteTest]: no resource found for suffixes {-context.xml, Context.groovy}.
09:45:19.488 [Test worker] DEBUG org.springframework.test.context.support.ActiveProfilesUtils - Could not find an 'annotation declaring class' for annotation type [org.springframework.test.context.ActiveProfiles] and class [com.ceiba.usuario.controlador.ComandoControladorClienteTest]
09:45:19.500 [Test worker] DEBUG org.springframework.boot.test.autoconfigure.web.servlet.WebMvcTestContextBootstrapper - @TestExecutionListeners is not present for class [com.ceiba.usuario.controlador.ComandoControladorClienteTest]: using defaults.
09:45:19.501 [Test worker] INFO org.springframework.boot.test.autoconfigure.web.servlet.WebMvcTestContextBootstrapper - Loaded default TestExecutionListener class names from location [META-INF/spring.factories]: [org.springframework.boot.test.autoconfigure.restdocs.RestDocsTestExecutionListener, org.springframework.boot.test.autoconfigure.web.client.MockRestServiceServerResetTestExecutionListener, org.springframework.boot.test.autoconfigure.web.servlet.MockMvcPrintOnlyOnFailureTestExecutionListener, org.springframework.boot.test.autoconfigure.web.servlet.WebDriverTestExecutionListener, org.springframework.boot.test.autoconfigure.webservices.client.MockWebServiceServerTestExecutionListener, org.springframework.boot.test.mock.mockito.MockitoTestExecutionListener, org.springframework.boot.test.mock.mockito.ResetMocksTestExecutionListener, org.springframework.test.context.web.ServletTestExecutionListener, org.springframework.test.context.support.DirtiesContextBeforeModesTestExecutionListener, org.springframework.test.context.event.ApplicationEventsTestExecutionListener, org.springframework.test.context.support.DependencyInjectionTestExecutionListener, org.springframework.test.context.support.DirtiesContextTestExecutionListener, org.springframework.test.context.transaction.TransactionalTestExecutionListener, org.springframework.test.context.jdbc.SqlScriptsTestExecutionListener, org.springframework.test.context.event.EventPublishingTestExecutionListener]
09:45:19.558 [Test worker] INFO org.springframework.boot.test.autoconfigure.web.servlet.WebMvcTestContextBootstrapper - Using TestExecutionListeners: [org.springframework.test.context.web.ServletTestExecutionListener@72ada750, org.springframework.test.context.support.DirtiesContextBeforeModesTestExecutionListener@453293e7, org.springframework.test.context.event.ApplicationEventsTestExecutionListener@1c5fd304, org.springframework.boot.test.mock.mockito.MockitoTestExecutionListener@2c718b8c, org.springframework.boot.test.autoconfigure.SpringBootDependencyInjectionTestExecutionListener@33f92e75, org.springframework.test.context.support.DirtiesContextTestExecutionListener@62853e46, org.springframework.test.context.transaction.TransactionalTestExecutionListener@2006e1, org.springframework.test.context.jdbc.SqlScriptsTestExecutionListener@202dc082, org.springframework.test.context.event.EventPublishingTestExecutionListener@5addc874, org.springframework.boot.test.autoconfigure.restdocs.RestDocsTestExecutionListener@11e1ba67, org.springframework.boot.test.autoconfigure.web.client.MockRestServiceServerResetTestExecutionListener@11f6a1b4, org.springframework.boot.test.autoconfigure.web.servlet.MockMvcPrintOnlyOnFailureTestExecutionListener@5f915ad8, org.springframework.boot.test.autoconfigure.web.servlet.WebDriverTestExecutionListener@6bbba736, org.springframework.boot.test.autoconfigure.webservices.client.MockWebServiceServerTestExecutionListener@77950aa4, org.springframework.boot.test.mock.mockito.ResetMocksTestExecutionListener@53caeee3]
09:45:19.565 [Test worker] DEBUG org.springframework.test.context.support.AbstractDirtiesContextTestExecutionListener - Before test class: context [DefaultTestContext@2a5f6bdf testClass = ComandoControladorClienteTest, testInstance = [null], testMethod = [null], testException = [null], mergedContextConfiguration = [WebMergedContextConfiguration@75e38c5f testClass = ComandoControladorClienteTest, locations = '{}', classes = '{class com.ceiba.ApplicationMock}', contextInitializerClasses = '[]', activeProfiles = '{}', propertySourceLocations = '{}', propertySourceProperties = '{org.springframework.boot.test.autoconfigure.web.servlet.WebMvcTestContextBootstrapper=true}', contextCustomizers = set[org.springframework.boot.test.autoconfigure.OverrideAutoConfigurationContextCustomizerFactory$DisableAutoConfigurationContextCustomizer@2624ab30, org.springframework.boot.test.autoconfigure.actuate.metrics.MetricsExportContextCustomizerFactory$DisableMetricExportContextCustomizer@33b79888, org.springframework.boot.test.autoconfigure.filter.TypeExcludeFiltersContextCustomizer@92bbef73, org.springframework.boot.test.autoconfigure.properties.PropertyMappingContextCustomizer@1f09f837, org.springframework.boot.test.autoconfigure.web.servlet.WebDriverContextCustomizerFactory$Customizer@47961123, [ImportsContextCustomizer@781bff8b key = [org.springframework.boot.autoconfigure.cache.CacheAutoConfiguration, org.springframework.boot.autoconfigure.context.MessageSourceAutoConfiguration, org.springframework.boot.autoconfigure.data.web.SpringDataWebAutoConfiguration, org.springframework.boot.autoconfigure.freemarker.FreeMarkerAutoConfiguration, org.springframework.boot.autoconfigure.groovy.template.GroovyTemplateAutoConfiguration, org.springframework.boot.autoconfigure.gson.GsonAutoConfiguration, org.springframework.boot.autoconfigure.hateoas.HypermediaAutoConfiguration, org.springframework.boot.autoconfigure.http.HttpMessageConvertersAutoConfiguration, org.springframework.boot.autoconfigure.jackson.JacksonAutoConfiguration, org.springframework.boot.autoconfigure.jsonb.JsonbAutoConfiguration, org.springframework.boot.autoconfigure.mustache.MustacheAutoConfiguration, org.springframework.boot.autoconfigure.task.TaskExecutionAutoConfiguration, org.springframework.boot.autoconfigure.thymeleaf.ThymeleafAutoConfiguration, org.springframework.boot.autoconfigure.validation.ValidationAutoConfiguration, org.springframework.boot.autoconfigure.web.servlet.error.ErrorMvcAutoConfiguration, org.springframework.boot.autoconfigure.web.servlet.HttpEncodingAutoConfiguration, org.springframework.boot.autoconfigure.web.servlet.WebMvcAutoConfiguration, org.springframework.boot.test.autoconfigure.web.servlet.MockMvcAutoConfiguration, org.springframework.boot.test.autoconfigure.web.servlet.MockMvcWebClientAutoConfiguration, org.springframework.boot.test.autoconfigure.web.servlet.MockMvcWebDriverAutoConfiguration, org.springframework.boot.autoconfigure.security.oauth2.client.servlet.OAuth2ClientAutoConfiguration, org.springframework.boot.autoconfigure.security.oauth2.resource.servlet.OAuth2ResourceServerAutoConfiguration, org.springframework.boot.autoconfigure.security.servlet.SecurityAutoConfiguration, org.springframework.boot.autoconfigure.security.servlet.SecurityFilterAutoConfiguration, org.springframework.boot.autoconfigure.security.servlet.UserDetailsServiceAutoConfiguration, org.springframework.boot.test.autoconfigure.web.servlet.MockMvcSecurityConfiguration]], org.springframework.boot.test.context.filter.ExcludeFilterContextCustomizer@f5e9376, org.springframework.boot.test.json.DuplicateJsonObjectContextCustomizerFactory$DuplicateJsonObjectContextCustomizer@6070796d, org.springframework.boot.test.mock.mockito.MockitoContextCustomizer@0, org.springframework.boot.test.context.SpringBootTestArgs@1, org.springframework.boot.test.context.SpringBootTestWebEnvironment@0], resourceBasePath = 'src/main/webapp', contextLoader = 'org.springframework.boot.test.context.SpringBootContextLoader', parent = [null]], attributes = map[[empty]]], class annotated with @DirtiesContext [true] with mode [AFTER_EACH_TEST_METHOD].
09:45:19.587 [Test worker] DEBUG org.springframework.test.context.support.DependencyInjectionTestExecutionListener - Performing dependency injection for test context [[DefaultTestContext@2a5f6bdf testClass = ComandoControladorClienteTest, testInstance = com.ceiba.usuario.controlador.ComandoControladorClienteTest@6df4c2a2, testMethod = [null], testException = [null], mergedContextConfiguration = [WebMergedContextConfiguration@75e38c5f testClass = ComandoControladorClienteTest, locations = '{}', classes = '{class com.ceiba.ApplicationMock}', contextInitializerClasses = '[]', activeProfiles = '{}', propertySourceLocations = '{}', propertySourceProperties = '{org.springframework.boot.test.autoconfigure.web.servlet.WebMvcTestContextBootstrapper=true}', contextCustomizers = set[org.springframework.boot.test.autoconfigure.OverrideAutoConfigurationContextCustomizerFactory$DisableAutoConfigurationContextCustomizer@2624ab30, org.springframework.boot.test.autoconfigure.actuate.metrics.MetricsExportContextCustomizerFactory$DisableMetricExportContextCustomizer@33b79888, org.springframework.boot.test.autoconfigure.filter.TypeExcludeFiltersContextCustomizer@92bbef73, org.springframework.boot.test.autoconfigure.properties.PropertyMappingContextCustomizer@1f09f837, org.springframework.boot.test.autoconfigure.web.servlet.WebDriverContextCustomizerFactory$Customizer@47961123, [ImportsContextCustomizer@781bff8b key = [org.springframework.boot.autoconfigure.cache.CacheAutoConfiguration, org.springframework.boot.autoconfigure.context.MessageSourceAutoConfiguration, org.springframework.boot.autoconfigure.data.web.SpringDataWebAutoConfiguration, org.springframework.boot.autoconfigure.freemarker.FreeMarkerAutoConfiguration, org.springframework.boot.autoconfigure.groovy.template.GroovyTemplateAutoConfiguration, org.springframework.boot.autoconfigure.gson.GsonAutoConfiguration, org.springframework.boot.autoconfigure.hateoas.HypermediaAutoConfiguration, org.springframework.boot.autoconfigure.http.HttpMessageConvertersAutoConfiguration, org.springframework.boot.autoconfigure.jackson.JacksonAutoConfiguration, org.springframework.boot.autoconfigure.jsonb.JsonbAutoConfiguration, org.springframework.boot.autoconfigure.mustache.MustacheAutoConfiguration, org.springframework.boot.autoconfigure.task.TaskExecutionAutoConfiguration, org.springframework.boot.autoconfigure.thymeleaf.ThymeleafAutoConfiguration, org.springframework.boot.autoconfigure.validation.ValidationAutoConfiguration, org.springframework.boot.autoconfigure.web.servlet.error.ErrorMvcAutoConfiguration, org.springframework.boot.autoconfigure.web.servlet.HttpEncodingAutoConfiguration, org.springframework.boot.autoconfigure.web.servlet.WebMvcAutoConfiguration, org.springframework.boot.test.autoconfigure.web.servlet.MockMvcAutoConfiguration, org.springframework.boot.test.autoconfigure.web.servlet.MockMvcWebClientAutoConfiguration, org.springframework.boot.test.autoconfigure.web.servlet.MockMvcWebDriverAutoConfiguration, org.springframework.boot.autoconfigure.security.oauth2.client.servlet.OAuth2ClientAutoConfiguration, org.springframework.boot.autoconfigure.security.oauth2.resource.servlet.OAuth2ResourceServerAutoConfiguration, org.springframework.boot.autoconfigure.security.servlet.SecurityAutoConfiguration, org.springframework.boot.autoconfigure.security.servlet.SecurityFilterAutoConfiguration, org.springframework.boot.autoconfigure.security.servlet.UserDetailsServiceAutoConfiguration, org.springframework.boot.test.autoconfigure.web.servlet.MockMvcSecurityConfiguration]], org.springframework.boot.test.context.filter.ExcludeFilterContextCustomizer@f5e9376, org.springframework.boot.test.json.DuplicateJsonObjectContextCustomizerFactory$DuplicateJsonObjectContextCustomizer@6070796d, org.springframework.boot.test.mock.mockito.MockitoContextCustomizer@0, org.springframework.boot.test.context.SpringBootTestArgs@1, org.springframework.boot.test.context.SpringBootTestWebEnvironment@0], resourceBasePath = 'src/main/webapp', contextLoader = 'org.springframework.boot.test.context.SpringBootContextLoader', parent = [null]], attributes = map['org.springframework.test.context.event.ApplicationEventsTestExecutionListener.recordApplicationEvents' -> false]]].
09:45:19.665 [Test worker] DEBUG org.springframework.test.context.support.TestPropertySourceUtils - Adding inlined properties to environment: {spring.jmx.enabled=false, org.springframework.boot.test.autoconfigure.web.servlet.WebMvcTestContextBootstrapper=true}

  .   ____          _            __ _ _
 /\\ / ___'_ __ _ _(_)_ __  __ _ \ \ \ \
( ( )\___ | '_ | '_| | '_ \/ _` | \ \ \ \
 \\/  ___)| |_)| | | | | || (_| |  ) ) ) )
  '  |____| .__|_| |_|_| |_\__, | / / / /
 =========|_|==============|___/=/_/_/_/
 :: Spring Boot ::                (v2.5.3)

2022-05-11 09:45:20.628  INFO 10308 --- [    Test worker] c.c.u.c.ComandoControladorClienteTest    : Starting ComandoControladorClienteTest using Java 11.0.15.1 on CAMILA-GUTIERREZ with PID 10308 (started by camila.gutierrez in C:\Users\camila.gutierrez\Downloads\proyecto-ADN\java-arquitectura-hexagonal\microservicio\infraestructura)
2022-05-11 09:45:20.633  INFO 10308 --- [    Test worker] c.c.u.c.ComandoControladorClienteTest    : No active profile set, falling back to default profiles: default
2022-05-11 09:45:22.391  INFO 10308 --- [    Test worker] com.zaxxer.hikari.HikariDataSource       : pool - Starting...
2022-05-11 09:45:22.787  INFO 10308 --- [    Test worker] com.zaxxer.hikari.HikariDataSource       : pool - Start completed.
2022-05-11 09:45:23.905  INFO 10308 --- [    Test worker] pertySourcedRequestMappingHandlerMapping : Mapped URL path [/v2/api-docs] onto method [springfox.documentation.swagger2.web.Swagger2Controller#getDocumentation(String, HttpServletRequest)]
2022-05-11 09:45:23.939  INFO 10308 --- [    Test worker] o.s.j.d.e.EmbeddedDatabaseFactory        : Starting embedded database: url='jdbc:h2:mem:testdb;DB_CLOSE_DELAY=-1;DB_CLOSE_ON_EXIT=false', username='sa'
2022-05-11 09:45:23.988  INFO 10308 --- [    Test worker] o.f.c.internal.license.VersionPrinter    : Flyway Community Edition 5.2.1 by Boxfuse
2022-05-11 09:45:24.017  INFO 10308 --- [    Test worker] o.f.c.internal.database.DatabaseFactory  : Database: jdbc:h2:mem:testdb (H2 1.4)
2022-05-11 09:45:24.070  WARN 10308 --- [    Test worker] o.f.c.internal.database.base.Database    : Flyway upgrade recommended: H2 1.4.200 is newer than this version of Flyway and support has not been tested.
2022-05-11 09:45:24.150  INFO 10308 --- [    Test worker] o.f.core.internal.command.DbValidate     : Successfully validated 2 migrations (execution time 00:00.020s)
2022-05-11 09:45:24.164  INFO 10308 --- [    Test worker] o.f.c.i.s.JdbcTableSchemaHistory         : Creating Schema History table: "PUBLIC"."flyway_schema_history"
2022-05-11 09:45:24.196  INFO 10308 --- [    Test worker] o.f.core.internal.command.DbMigrate      : Current version of schema "PUBLIC": << Empty Schema >>
2022-05-11 09:45:24.197  INFO 10308 --- [    Test worker] o.f.core.internal.command.DbMigrate      : Migrating schema "PUBLIC" to version 1.0 - schema
2022-05-11 09:45:24.237  INFO 10308 --- [    Test worker] o.f.core.internal.command.DbMigrate      : Migrating schema "PUBLIC" to version 1.1 - data
2022-05-11 09:45:24.255  INFO 10308 --- [    Test worker] o.f.core.internal.command.DbMigrate      : Successfully applied 2 migrations to schema "PUBLIC" (execution time 00:00.094s)
2022-05-11 09:45:24.800  INFO 10308 --- [    Test worker] o.s.b.t.m.w.SpringBootMockServletContext : Initializing Spring TestDispatcherServlet ''
2022-05-11 09:45:24.800  INFO 10308 --- [    Test worker] o.s.t.web.servlet.TestDispatcherServlet  : Initializing Servlet ''
2022-05-11 09:45:24.801  INFO 10308 --- [    Test worker] o.s.t.web.servlet.TestDispatcherServlet  : Completed initialization in 1 ms
2022-05-11 09:45:24.844  INFO 10308 --- [    Test worker] d.s.w.p.DocumentationPluginsBootstrapper : Context refreshed
2022-05-11 09:45:24.891  INFO 10308 --- [    Test worker] d.s.w.p.DocumentationPluginsBootstrapper : Found 1 custom documentation plugin(s)
2022-05-11 09:45:24.935  INFO 10308 --- [    Test worker] s.d.s.w.s.ApiListingReferenceScanner     : Scanning for api listing references
2022-05-11 09:45:25.176  INFO 10308 --- [    Test worker] c.c.u.c.ComandoControladorClienteTest    : Started ComandoControladorClienteTest in 5.494 seconds (JVM running for 8.356)
2022-05-11 09:45:26.518  INFO 10308 --- [    Test worker] o.s.j.d.e.EmbeddedDatabaseFactory        : Shutting down embedded database: url='jdbc:h2:mem:testdb;DB_CLOSE_DELAY=-1;DB_CLOSE_ON_EXIT=false'
2022-05-11 09:45:26.733  INFO 10308 --- [    Test worker] com.zaxxer.hikari.HikariDataSource       : pool - Shutdown initiated...
2022-05-11 09:45:26.741  INFO 10308 --- [    Test worker] com.zaxxer.hikari.HikariDataSource       : pool - Shutdown completed.

  .   ____          _            __ _ _
 /\\ / ___'_ __ _ _(_)_ __  __ _ \ \ \ \
( ( )\___ | '_ | '_| | '_ \/ _` | \ \ \ \
 \\/  ___)| |_)| | | | | || (_| |  ) ) ) )
  '  |____| .__|_| |_|_| |_\__, | / / / /
 =========|_|==============|___/=/_/_/_/
 :: Spring Boot ::                (v2.5.3)

2022-05-11 09:45:26.793  INFO 10308 --- [    Test worker] c.c.u.c.ComandoControladorClienteTest    : Starting ComandoControladorClienteTest using Java 11.0.15.1 on CAMILA-GUTIERREZ with PID 10308 (started by camila.gutierrez in C:\Users\camila.gutierrez\Downloads\proyecto-ADN\java-arquitectura-hexagonal\microservicio\infraestructura)
2022-05-11 09:45:26.795  INFO 10308 --- [    Test worker] c.c.u.c.ComandoControladorClienteTest    : No active profile set, falling back to default profiles: default
2022-05-11 09:45:27.165  INFO 10308 --- [    Test worker] com.zaxxer.hikari.HikariDataSource       : pool - Starting...
2022-05-11 09:45:27.170  INFO 10308 --- [    Test worker] com.zaxxer.hikari.HikariDataSource       : pool - Start completed.
2022-05-11 09:45:27.666  INFO 10308 --- [    Test worker] pertySourcedRequestMappingHandlerMapping : Mapped URL path [/v2/api-docs] onto method [springfox.documentation.swagger2.web.Swagger2Controller#getDocumentation(String, HttpServletRequest)]
2022-05-11 09:45:27.670  INFO 10308 --- [    Test worker] o.s.j.d.e.EmbeddedDatabaseFactory        : Starting embedded database: url='jdbc:h2:mem:testdb;DB_CLOSE_DELAY=-1;DB_CLOSE_ON_EXIT=false', username='sa'
2022-05-11 09:45:27.679  INFO 10308 --- [    Test worker] o.f.c.internal.database.DatabaseFactory  : Database: jdbc:h2:mem:testdb (H2 1.4)
2022-05-11 09:45:27.681  WARN 10308 --- [    Test worker] o.f.c.internal.database.base.Database    : Flyway upgrade recommended: H2 1.4.200 is newer than this version of Flyway and support has not been tested.
2022-05-11 09:45:27.704  INFO 10308 --- [    Test worker] o.f.core.internal.command.DbValidate     : Successfully validated 2 migrations (execution time 00:00.008s)
2022-05-11 09:45:27.713  INFO 10308 --- [    Test worker] o.f.c.i.s.JdbcTableSchemaHistory         : Creating Schema History table: "PUBLIC"."flyway_schema_history"
2022-05-11 09:45:27.727  INFO 10308 --- [    Test worker] o.f.core.internal.command.DbMigrate      : Current version of schema "PUBLIC": << Empty Schema >>
2022-05-11 09:45:27.728  INFO 10308 --- [    Test worker] o.f.core.internal.command.DbMigrate      : Migrating schema "PUBLIC" to version 1.0 - schema
2022-05-11 09:45:27.744  INFO 10308 --- [    Test worker] o.f.core.internal.command.DbMigrate      : Migrating schema "PUBLIC" to version 1.1 - data
2022-05-11 09:45:27.756  INFO 10308 --- [    Test worker] o.f.core.internal.command.DbMigrate      : Successfully applied 2 migrations to schema "PUBLIC" (execution time 00:00.046s)
2022-05-11 09:45:27.989  INFO 10308 --- [    Test worker] o.s.b.t.m.w.SpringBootMockServletContext : Initializing Spring TestDispatcherServlet ''
2022-05-11 09:45:27.989  INFO 10308 --- [    Test worker] o.s.t.web.servlet.TestDispatcherServlet  : Initializing Servlet ''
2022-05-11 09:45:27.990  INFO 10308 --- [    Test worker] o.s.t.web.servlet.TestDispatcherServlet  : Completed initialization in 1 ms
2022-05-11 09:45:28.008  INFO 10308 --- [    Test worker] d.s.w.p.DocumentationPluginsBootstrapper : Context refreshed
2022-05-11 09:45:28.009  INFO 10308 --- [    Test worker] d.s.w.p.DocumentationPluginsBootstrapper : Found 1 custom documentation plugin(s)
2022-05-11 09:45:28.016  INFO 10308 --- [    Test worker] s.d.s.w.s.ApiListingReferenceScanner     : Scanning for api listing references
2022-05-11 09:45:28.066  INFO 10308 --- [    Test worker] c.c.u.c.ComandoControladorClienteTest    : Started ComandoControladorClienteTest in 1.315 seconds (JVM running for 11.245)
2022-05-11 09:45:28.185  INFO 10308 --- [    Test worker] o.s.j.d.e.EmbeddedDatabaseFactory        : Shutting down embedded database: url='jdbc:h2:mem:testdb;DB_CLOSE_DELAY=-1;DB_CLOSE_ON_EXIT=false'
2022-05-11 09:45:28.392  INFO 10308 --- [    Test worker] com.zaxxer.hikari.HikariDataSource       : pool - Shutdown initiated...
2022-05-11 09:45:28.394  INFO 10308 --- [    Test worker] com.zaxxer.hikari.HikariDataSource       : pool - Shutdown completed.

  .   ____          _            __ _ _
 /\\ / ___'_ __ _ _(_)_ __  __ _ \ \ \ \
( ( )\___ | '_ | '_| | '_ \/ _` | \ \ \ \
 \\/  ___)| |_)| | | | | || (_| |  ) ) ) )
  '  |____| .__|_| |_|_| |_\__, | / / / /
 =========|_|==============|___/=/_/_/_/
 :: Spring Boot ::                (v2.5.3)

2022-05-11 09:45:28.439  INFO 10308 --- [    Test worker] c.c.u.c.ComandoControladorClienteTest    : Starting ComandoControladorClienteTest using Java 11.0.15.1 on CAMILA-GUTIERREZ with PID 10308 (started by camila.gutierrez in C:\Users\camila.gutierrez\Downloads\proyecto-ADN\java-arquitectura-hexagonal\microservicio\infraestructura)
2022-05-11 09:45:28.440  INFO 10308 --- [    Test worker] c.c.u.c.ComandoControladorClienteTest    : No active profile set, falling back to default profiles: default
2022-05-11 09:45:28.851  INFO 10308 --- [    Test worker] com.zaxxer.hikari.HikariDataSource       : pool - Starting...
2022-05-11 09:45:28.856  INFO 10308 --- [    Test worker] com.zaxxer.hikari.HikariDataSource       : pool - Start completed.
2022-05-11 09:45:29.250  INFO 10308 --- [    Test worker] pertySourcedRequestMappingHandlerMapping : Mapped URL path [/v2/api-docs] onto method [springfox.documentation.swagger2.web.Swagger2Controller#getDocumentation(String, HttpServletRequest)]
2022-05-11 09:45:29.252  INFO 10308 --- [    Test worker] o.s.j.d.e.EmbeddedDatabaseFactory        : Starting embedded database: url='jdbc:h2:mem:testdb;DB_CLOSE_DELAY=-1;DB_CLOSE_ON_EXIT=false', username='sa'
2022-05-11 09:45:29.259  INFO 10308 --- [    Test worker] o.f.c.internal.database.DatabaseFactory  : Database: jdbc:h2:mem:testdb (H2 1.4)
2022-05-11 09:45:29.261  WARN 10308 --- [    Test worker] o.f.c.internal.database.base.Database    : Flyway upgrade recommended: H2 1.4.200 is newer than this version of Flyway and support has not been tested.
2022-05-11 09:45:29.282  INFO 10308 --- [    Test worker] o.f.core.internal.command.DbValidate     : Successfully validated 2 migrations (execution time 00:00.007s)
2022-05-11 09:45:29.289  INFO 10308 --- [    Test worker] o.f.c.i.s.JdbcTableSchemaHistory         : Creating Schema History table: "PUBLIC"."flyway_schema_history"
2022-05-11 09:45:29.302  INFO 10308 --- [    Test worker] o.f.core.internal.command.DbMigrate      : Current version of schema "PUBLIC": << Empty Schema >>
2022-05-11 09:45:29.303  INFO 10308 --- [    Test worker] o.f.core.internal.command.DbMigrate      : Migrating schema "PUBLIC" to version 1.0 - schema
2022-05-11 09:45:29.315  INFO 10308 --- [    Test worker] o.f.core.internal.command.DbMigrate      : Migrating schema "PUBLIC" to version 1.1 - data
2022-05-11 09:45:29.325  INFO 10308 --- [    Test worker] o.f.core.internal.command.DbMigrate      : Successfully applied 2 migrations to schema "PUBLIC" (execution time 00:00.038s)
2022-05-11 09:45:29.551  INFO 10308 --- [    Test worker] o.s.b.t.m.w.SpringBootMockServletContext : Initializing Spring TestDispatcherServlet ''
2022-05-11 09:45:29.551  INFO 10308 --- [    Test worker] o.s.t.web.servlet.TestDispatcherServlet  : Initializing Servlet ''
2022-05-11 09:45:29.553  INFO 10308 --- [    Test worker] o.s.t.web.servlet.TestDispatcherServlet  : Completed initialization in 0 ms
2022-05-11 09:45:29.568  INFO 10308 --- [    Test worker] d.s.w.p.DocumentationPluginsBootstrapper : Context refreshed
2022-05-11 09:45:29.569  INFO 10308 --- [    Test worker] d.s.w.p.DocumentationPluginsBootstrapper : Found 1 custom documentation plugin(s)
2022-05-11 09:45:29.573  INFO 10308 --- [    Test worker] s.d.s.w.s.ApiListingReferenceScanner     : Scanning for api listing references
2022-05-11 09:45:29.620  INFO 10308 --- [    Test worker] c.c.u.c.ComandoControladorClienteTest    : Started ComandoControladorClienteTest in 1.221 seconds (JVM running for 12.799)
2022-05-11 09:45:29.637  INFO 10308 --- [    Test worker] o.s.j.d.e.EmbeddedDatabaseFactory        : Shutting down embedded database: url='jdbc:h2:mem:testdb;DB_CLOSE_DELAY=-1;DB_CLOSE_ON_EXIT=false'
2022-05-11 09:45:29.848  INFO 10308 --- [    Test worker] com.zaxxer.hikari.HikariDataSource       : pool - Shutdown initiated...
2022-05-11 09:45:29.854  INFO 10308 --- [    Test worker] com.zaxxer.hikari.HikariDataSource       : pool - Shutdown completed.

  .   ____          _            __ _ _
 /\\ / ___'_ __ _ _(_)_ __  __ _ \ \ \ \
( ( )\___ | '_ | '_| | '_ \/ _` | \ \ \ \
 \\/  ___)| |_)| | | | | || (_| |  ) ) ) )
  '  |____| .__|_| |_|_| |_\__, | / / / /
 =========|_|==============|___/=/_/_/_/
 :: Spring Boot ::                (v2.5.3)

2022-05-11 09:45:29.888  INFO 10308 --- [    Test worker] c.c.u.c.ComandoControladorClienteTest    : Starting ComandoControladorClienteTest using Java 11.0.15.1 on CAMILA-GUTIERREZ with PID 10308 (started by camila.gutierrez in C:\Users\camila.gutierrez\Downloads\proyecto-ADN\java-arquitectura-hexagonal\microservicio\infraestructura)
2022-05-11 09:45:29.889  INFO 10308 --- [    Test worker] c.c.u.c.ComandoControladorClienteTest    : No active profile set, falling back to default profiles: default
2022-05-11 09:45:30.240  INFO 10308 --- [    Test worker] com.zaxxer.hikari.HikariDataSource       : pool - Starting...
2022-05-11 09:45:30.244  INFO 10308 --- [    Test worker] com.zaxxer.hikari.HikariDataSource       : pool - Start completed.
2022-05-11 09:45:30.739  INFO 10308 --- [    Test worker] pertySourcedRequestMappingHandlerMapping : Mapped URL path [/v2/api-docs] onto method [springfox.documentation.swagger2.web.Swagger2Controller#getDocumentation(String, HttpServletRequest)]
2022-05-11 09:45:30.743  INFO 10308 --- [    Test worker] o.s.j.d.e.EmbeddedDatabaseFactory        : Starting embedded database: url='jdbc:h2:mem:testdb;DB_CLOSE_DELAY=-1;DB_CLOSE_ON_EXIT=false', username='sa'
2022-05-11 09:45:30.750  INFO 10308 --- [    Test worker] o.f.c.internal.database.DatabaseFactory  : Database: jdbc:h2:mem:testdb (H2 1.4)
2022-05-11 09:45:30.753  WARN 10308 --- [    Test worker] o.f.c.internal.database.base.Database    : Flyway upgrade recommended: H2 1.4.200 is newer than this version of Flyway and support has not been tested.
2022-05-11 09:45:30.773  INFO 10308 --- [    Test worker] o.f.core.internal.command.DbValidate     : Successfully validated 2 migrations (execution time 00:00.006s)
2022-05-11 09:45:30.777  INFO 10308 --- [    Test worker] o.f.c.i.s.JdbcTableSchemaHistory         : Creating Schema History table: "PUBLIC"."flyway_schema_history"
2022-05-11 09:45:30.790  INFO 10308 --- [    Test worker] o.f.core.internal.command.DbMigrate      : Current version of schema "PUBLIC": << Empty Schema >>
2022-05-11 09:45:30.790  INFO 10308 --- [    Test worker] o.f.core.internal.command.DbMigrate      : Migrating schema "PUBLIC" to version 1.0 - schema
2022-05-11 09:45:30.802  INFO 10308 --- [    Test worker] o.f.core.internal.command.DbMigrate      : Migrating schema "PUBLIC" to version 1.1 - data
2022-05-11 09:45:30.813  INFO 10308 --- [    Test worker] o.f.core.internal.command.DbMigrate      : Successfully applied 2 migrations to schema "PUBLIC" (execution time 00:00.037s)
2022-05-11 09:45:31.026  INFO 10308 --- [    Test worker] o.s.b.t.m.w.SpringBootMockServletContext : Initializing Spring TestDispatcherServlet ''
2022-05-11 09:45:31.026  INFO 10308 --- [    Test worker] o.s.t.web.servlet.TestDispatcherServlet  : Initializing Servlet ''
2022-05-11 09:45:31.027  INFO 10308 --- [    Test worker] o.s.t.web.servlet.TestDispatcherServlet  : Completed initialization in 1 ms
2022-05-11 09:45:31.042  INFO 10308 --- [    Test worker] d.s.w.p.DocumentationPluginsBootstrapper : Context refreshed
2022-05-11 09:45:31.042  INFO 10308 --- [    Test worker] d.s.w.p.DocumentationPluginsBootstrapper : Found 1 custom documentation plugin(s)
2022-05-11 09:45:31.048  INFO 10308 --- [    Test worker] s.d.s.w.s.ApiListingReferenceScanner     : Scanning for api listing references
2022-05-11 09:45:31.091  INFO 10308 --- [    Test worker] c.c.u.c.ComandoControladorClienteTest    : Started ComandoControladorClienteTest in 1.235 seconds (JVM running for 14.271)
2022-05-11 09:45:31.134  INFO 10308 --- [    Test worker] o.s.j.d.e.EmbeddedDatabaseFactory        : Shutting down embedded database: url='jdbc:h2:mem:testdb;DB_CLOSE_DELAY=-1;DB_CLOSE_ON_EXIT=false'
2022-05-11 09:45:31.351  INFO 10308 --- [    Test worker] com.zaxxer.hikari.HikariDataSource       : pool - Shutdown initiated...
2022-05-11 09:45:31.358  INFO 10308 --- [    Test worker] com.zaxxer.hikari.HikariDataSource       : pool - Shutdown completed.
]]></system-out>
  <system-err><![CDATA[]]></system-err>
</testsuite>
