<?xml version="1.0" encoding="UTF-8"?>
<testsuite name="com.ceiba.usuario.controlador.ComandoControladorPlanesTest" tests="2" skipped="0" failures="0" errors="0" timestamp="2022-05-11T14:45:32" hostname="CAMILA-GUTIERRE" time="1.487">
  <properties/>
  <testcase name="Deberia listar planes" classname="com.ceiba.usuario.controlador.ComandoControladorPlanesTest" time="0.24"/>
  <testcase name="Deberia crear un plan" classname="com.ceiba.usuario.controlador.ComandoControladorPlanesTest" time="0.23"/>
  <system-out><![CDATA[2022-05-11 09:45:31.378  INFO 10308 --- [    Test worker] o.s.t.c.support.AbstractContextLoader    : Could not detect default resource locations for test class [com.ceiba.usuario.controlador.ComandoControladorPlanesTest]: no resource found for suffixes {-context.xml, Context.groovy}.
2022-05-11 09:45:31.396  INFO 10308 --- [    Test worker] .b.t.a.w.s.WebMvcTestContextBootstrapper : Loaded default TestExecutionListener class names from location [META-INF/spring.factories]: [org.springframework.boot.test.autoconfigure.restdocs.RestDocsTestExecutionListener, org.springframework.boot.test.autoconfigure.web.client.MockRestServiceServerResetTestExecutionListener, org.springframework.boot.test.autoconfigure.web.servlet.MockMvcPrintOnlyOnFailureTestExecutionListener, org.springframework.boot.test.autoconfigure.web.servlet.WebDriverTestExecutionListener, org.springframework.boot.test.autoconfigure.webservices.client.MockWebServiceServerTestExecutionListener, org.springframework.boot.test.mock.mockito.MockitoTestExecutionListener, org.springframework.boot.test.mock.mockito.ResetMocksTestExecutionListener, org.springframework.test.context.web.ServletTestExecutionListener, org.springframework.test.context.support.DirtiesContextBeforeModesTestExecutionListener, org.springframework.test.context.event.ApplicationEventsTestExecutionListener, org.springframework.test.context.support.DependencyInjectionTestExecutionListener, org.springframework.test.context.support.DirtiesContextTestExecutionListener, org.springframework.test.context.transaction.TransactionalTestExecutionListener, org.springframework.test.context.jdbc.SqlScriptsTestExecutionListener, org.springframework.test.context.event.EventPublishingTestExecutionListener]
2022-05-11 09:45:31.398  INFO 10308 --- [    Test worker] .b.t.a.w.s.WebMvcTestContextBootstrapper : Using TestExecutionListeners: [org.springframework.test.context.web.ServletTestExecutionListener@71285a09, org.springframework.test.context.support.DirtiesContextBeforeModesTestExecutionListener@15808aee, org.springframework.test.context.event.ApplicationEventsTestExecutionListener@4d4c66af, org.springframework.boot.test.mock.mockito.MockitoTestExecutionListener@fedd6f0, org.springframework.boot.test.autoconfigure.SpringBootDependencyInjectionTestExecutionListener@3c263d16, org.springframework.test.context.support.DirtiesContextTestExecutionListener@2d601786, org.springframework.test.context.transaction.TransactionalTestExecutionListener@3b7659b, org.springframework.test.context.jdbc.SqlScriptsTestExecutionListener@628c694b, org.springframework.test.context.event.EventPublishingTestExecutionListener@6f4f2681, org.springframework.boot.test.autoconfigure.restdocs.RestDocsTestExecutionListener@423ed0c9, org.springframework.boot.test.autoconfigure.web.client.MockRestServiceServerResetTestExecutionListener@7a1deea8, org.springframework.boot.test.autoconfigure.web.servlet.MockMvcPrintOnlyOnFailureTestExecutionListener@7bda1691, org.springframework.boot.test.autoconfigure.web.servlet.WebDriverTestExecutionListener@6db74c45, org.springframework.boot.test.autoconfigure.webservices.client.MockWebServiceServerTestExecutionListener@593b61a2, org.springframework.boot.test.mock.mockito.ResetMocksTestExecutionListener@4cc6ac83]

  .   ____          _            __ _ _
 /\\ / ___'_ __ _ _(_)_ __  __ _ \ \ \ \
( ( )\___ | '_ | '_| | '_ \/ _` | \ \ \ \
 \\/  ___)| |_)| | | | | || (_| |  ) ) ) )
  '  |____| .__|_| |_|_| |_\__, | / / / /
 =========|_|==============|___/=/_/_/_/
 :: Spring Boot ::                (v2.5.3)

2022-05-11 09:45:31.500  INFO 10308 --- [    Test worker] c.c.u.c.ComandoControladorPlanesTest     : Starting ComandoControladorPlanesTest using Java 11.0.15.1 on CAMILA-GUTIERREZ with PID 10308 (started by camila.gutierrez in C:\Users\camila.gutierrez\Downloads\proyecto-ADN\java-arquitectura-hexagonal\microservicio\infraestructura)
2022-05-11 09:45:31.501  INFO 10308 --- [    Test worker] c.c.u.c.ComandoControladorPlanesTest     : No active profile set, falling back to default profiles: default
2022-05-11 09:45:31.827  INFO 10308 --- [    Test worker] com.zaxxer.hikari.HikariDataSource       : pool - Starting...
2022-05-11 09:45:31.831  INFO 10308 --- [    Test worker] com.zaxxer.hikari.HikariDataSource       : pool - Start completed.
2022-05-11 09:45:32.179  INFO 10308 --- [    Test worker] pertySourcedRequestMappingHandlerMapping : Mapped URL path [/v2/api-docs] onto method [springfox.documentation.swagger2.web.Swagger2Controller#getDocumentation(String, HttpServletRequest)]
2022-05-11 09:45:32.182  INFO 10308 --- [    Test worker] o.s.j.d.e.EmbeddedDatabaseFactory        : Starting embedded database: url='jdbc:h2:mem:testdb;DB_CLOSE_DELAY=-1;DB_CLOSE_ON_EXIT=false', username='sa'
2022-05-11 09:45:32.187  INFO 10308 --- [    Test worker] o.f.c.internal.database.DatabaseFactory  : Database: jdbc:h2:mem:testdb (H2 1.4)
2022-05-11 09:45:32.189  WARN 10308 --- [    Test worker] o.f.c.internal.database.base.Database    : Flyway upgrade recommended: H2 1.4.200 is newer than this version of Flyway and support has not been tested.
2022-05-11 09:45:32.201  INFO 10308 --- [    Test worker] o.f.core.internal.command.DbValidate     : Successfully validated 2 migrations (execution time 00:00.004s)
2022-05-11 09:45:32.206  INFO 10308 --- [    Test worker] o.f.c.i.s.JdbcTableSchemaHistory         : Creating Schema History table: "PUBLIC"."flyway_schema_history"
2022-05-11 09:45:32.215  INFO 10308 --- [    Test worker] o.f.core.internal.command.DbMigrate      : Current version of schema "PUBLIC": << Empty Schema >>
2022-05-11 09:45:32.215  INFO 10308 --- [    Test worker] o.f.core.internal.command.DbMigrate      : Migrating schema "PUBLIC" to version 1.0 - schema
2022-05-11 09:45:32.225  INFO 10308 --- [    Test worker] o.f.core.internal.command.DbMigrate      : Migrating schema "PUBLIC" to version 1.1 - data
2022-05-11 09:45:32.232  INFO 10308 --- [    Test worker] o.f.core.internal.command.DbMigrate      : Successfully applied 2 migrations to schema "PUBLIC" (execution time 00:00.028s)
2022-05-11 09:45:32.451  INFO 10308 --- [    Test worker] o.s.b.t.m.w.SpringBootMockServletContext : Initializing Spring TestDispatcherServlet ''
2022-05-11 09:45:32.451  INFO 10308 --- [    Test worker] o.s.t.web.servlet.TestDispatcherServlet  : Initializing Servlet ''
2022-05-11 09:45:32.452  INFO 10308 --- [    Test worker] o.s.t.web.servlet.TestDispatcherServlet  : Completed initialization in 1 ms
2022-05-11 09:45:32.469  INFO 10308 --- [    Test worker] d.s.w.p.DocumentationPluginsBootstrapper : Context refreshed
2022-05-11 09:45:32.470  INFO 10308 --- [    Test worker] d.s.w.p.DocumentationPluginsBootstrapper : Found 1 custom documentation plugin(s)
2022-05-11 09:45:32.475  INFO 10308 --- [    Test worker] s.d.s.w.s.ApiListingReferenceScanner     : Scanning for api listing references
2022-05-11 09:45:32.506  INFO 10308 --- [    Test worker] c.c.u.c.ComandoControladorPlanesTest     : Started ComandoControladorPlanesTest in 1.099 seconds (JVM running for 15.686)
2022-05-11 09:45:32.534  INFO 10308 --- [    Test worker] o.s.j.d.e.EmbeddedDatabaseFactory        : Shutting down embedded database: url='jdbc:h2:mem:testdb;DB_CLOSE_DELAY=-1;DB_CLOSE_ON_EXIT=false'
2022-05-11 09:45:32.748  INFO 10308 --- [    Test worker] com.zaxxer.hikari.HikariDataSource       : pool - Shutdown initiated...
2022-05-11 09:45:32.750  INFO 10308 --- [    Test worker] com.zaxxer.hikari.HikariDataSource       : pool - Shutdown completed.

  .   ____          _            __ _ _
 /\\ / ___'_ __ _ _(_)_ __  __ _ \ \ \ \
( ( )\___ | '_ | '_| | '_ \/ _` | \ \ \ \
 \\/  ___)| |_)| | | | | || (_| |  ) ) ) )
  '  |____| .__|_| |_|_| |_\__, | / / / /
 =========|_|==============|___/=/_/_/_/
 :: Spring Boot ::                (v2.5.3)

2022-05-11 09:45:32.780  INFO 10308 --- [    Test worker] c.c.u.c.ComandoControladorPlanesTest     : Starting ComandoControladorPlanesTest using Java 11.0.15.1 on CAMILA-GUTIERREZ with PID 10308 (started by camila.gutierrez in C:\Users\camila.gutierrez\Downloads\proyecto-ADN\java-arquitectura-hexagonal\microservicio\infraestructura)
2022-05-11 09:45:32.781  INFO 10308 --- [    Test worker] c.c.u.c.ComandoControladorPlanesTest     : No active profile set, falling back to default profiles: default
2022-05-11 09:45:33.086  INFO 10308 --- [    Test worker] com.zaxxer.hikari.HikariDataSource       : pool - Starting...
2022-05-11 09:45:33.089  INFO 10308 --- [    Test worker] com.zaxxer.hikari.HikariDataSource       : pool - Start completed.
2022-05-11 09:45:33.447  INFO 10308 --- [    Test worker] pertySourcedRequestMappingHandlerMapping : Mapped URL path [/v2/api-docs] onto method [springfox.documentation.swagger2.web.Swagger2Controller#getDocumentation(String, HttpServletRequest)]
2022-05-11 09:45:33.450  INFO 10308 --- [    Test worker] o.s.j.d.e.EmbeddedDatabaseFactory        : Starting embedded database: url='jdbc:h2:mem:testdb;DB_CLOSE_DELAY=-1;DB_CLOSE_ON_EXIT=false', username='sa'
2022-05-11 09:45:33.455  INFO 10308 --- [    Test worker] o.f.c.internal.database.DatabaseFactory  : Database: jdbc:h2:mem:testdb (H2 1.4)
2022-05-11 09:45:33.456  WARN 10308 --- [    Test worker] o.f.c.internal.database.base.Database    : Flyway upgrade recommended: H2 1.4.200 is newer than this version of Flyway and support has not been tested.
2022-05-11 09:45:33.466  INFO 10308 --- [    Test worker] o.f.core.internal.command.DbValidate     : Successfully validated 2 migrations (execution time 00:00.003s)
2022-05-11 09:45:33.469  INFO 10308 --- [    Test worker] o.f.c.i.s.JdbcTableSchemaHistory         : Creating Schema History table: "PUBLIC"."flyway_schema_history"
2022-05-11 09:45:33.476  INFO 10308 --- [    Test worker] o.f.core.internal.command.DbMigrate      : Current version of schema "PUBLIC": << Empty Schema >>
2022-05-11 09:45:33.476  INFO 10308 --- [    Test worker] o.f.core.internal.command.DbMigrate      : Migrating schema "PUBLIC" to version 1.0 - schema
2022-05-11 09:45:33.488  INFO 10308 --- [    Test worker] o.f.core.internal.command.DbMigrate      : Migrating schema "PUBLIC" to version 1.1 - data
2022-05-11 09:45:33.499  INFO 10308 --- [    Test worker] o.f.core.internal.command.DbMigrate      : Successfully applied 2 migrations to schema "PUBLIC" (execution time 00:00.030s)
2022-05-11 09:45:33.704  INFO 10308 --- [    Test worker] o.s.b.t.m.w.SpringBootMockServletContext : Initializing Spring TestDispatcherServlet ''
2022-05-11 09:45:33.704  INFO 10308 --- [    Test worker] o.s.t.web.servlet.TestDispatcherServlet  : Initializing Servlet ''
2022-05-11 09:45:33.705  INFO 10308 --- [    Test worker] o.s.t.web.servlet.TestDispatcherServlet  : Completed initialization in 1 ms
2022-05-11 09:45:33.720  INFO 10308 --- [    Test worker] d.s.w.p.DocumentationPluginsBootstrapper : Context refreshed
2022-05-11 09:45:33.721  INFO 10308 --- [    Test worker] d.s.w.p.DocumentationPluginsBootstrapper : Found 1 custom documentation plugin(s)
2022-05-11 09:45:33.726  INFO 10308 --- [    Test worker] s.d.s.w.s.ApiListingReferenceScanner     : Scanning for api listing references
2022-05-11 09:45:33.762  INFO 10308 --- [    Test worker] c.c.u.c.ComandoControladorPlanesTest     : Started ComandoControladorPlanesTest in 1.01 seconds (JVM running for 16.942)
2022-05-11 09:45:33.779  INFO 10308 --- [    Test worker] o.s.j.d.e.EmbeddedDatabaseFactory        : Shutting down embedded database: url='jdbc:h2:mem:testdb;DB_CLOSE_DELAY=-1;DB_CLOSE_ON_EXIT=false'
2022-05-11 09:45:33.990  INFO 10308 --- [    Test worker] com.zaxxer.hikari.HikariDataSource       : pool - Shutdown initiated...
2022-05-11 09:45:33.996  INFO 10308 --- [    Test worker] com.zaxxer.hikari.HikariDataSource       : pool - Shutdown completed.
]]></system-out>
  <system-err><![CDATA[]]></system-err>
</testsuite>
