<?xml version="1.0" encoding="UTF-8"?>
<testsuite name="com.ceiba.planes.servicio.ServicioCrearPlanesTest" tests="2" skipped="0" failures="0" errors="0" timestamp="2022-05-11T14:45:14" hostname="CAMILA-GUTIERRE" time="0.044">
  <properties/>
  <testcase name="Deberia lanzar una exepcion cuando se valide la existencia del Plan" classname="com.ceiba.planes.servicio.ServicioCrearPlanesTest" time="0.04"/>
  <testcase name="Deberia Crear el plan de manera correcta" classname="com.ceiba.planes.servicio.ServicioCrearPlanesTest" time="0.003"/>
  <system-out><![CDATA[]]></system-out>
  <system-err><![CDATA[]]></system-err>
</testsuite>
