<?xml version="1.0" encoding="UTF-8"?>
<testsuite name="com.ceiba.clientes.servicio.ServicioEliminarClienteTest" tests="1" skipped="0" failures="0" errors="0" timestamp="2022-05-11T14:45:14" hostname="CAMILA-GUTIERRE" time="0.003">
  <properties/>
  <testcase name="Deberia eliminar el cliente llamando al repositorio" classname="com.ceiba.clientes.servicio.ServicioEliminarClienteTest" time="0.003"/>
  <system-out><![CDATA[]]></system-out>
  <system-err><![CDATA[]]></system-err>
</testsuite>
