<?xml version="1.0" encoding="UTF-8"?>
<testsuite name="com.ceiba.clientes.servicio.ServicioCrearClienteTest" tests="3" skipped="0" failures="0" errors="0" timestamp="2022-05-11T14:45:14" hostname="CAMILA-GUTIERRE" time="0.01">
  <properties/>
  <testcase name="Deberia Crear el cliente de manera correcta" classname="com.ceiba.clientes.servicio.ServicioCrearClienteTest" time="0.002"/>
  <testcase name="Deberia lanzar una exepcion cuando se valide la longitud del numero de telefono" classname="com.ceiba.clientes.servicio.ServicioCrearClienteTest" time="0.002"/>
  <testcase name="Deberia lanzar una exepcion cuando se valide la existencia del Cliente" classname="com.ceiba.clientes.servicio.ServicioCrearClienteTest" time="0.003"/>
  <system-out><![CDATA[]]></system-out>
  <system-err><![CDATA[]]></system-err>
</testsuite>
